<?xml version="1.0" encoding="UTF-8"?>
<!-- Generated by org.testng.reporters.JUnitReportReporter -->
<testsuite hostname="DESKTOP-L217HRR" failures="0" tests="1" name="ebay.BasicFunctionality.BasicAndCriticalFeautureTest" time="2.451" errors="0" timestamp="2025-04-07T13:14:43 IST" skipped="0">
  <testcase classname="ebay.BasicFunctionality.BasicAndCriticalFeautureTest" name="createAccountTest" time="2.451"/>
  <system-out/>
</testsuite> <!-- ebay.BasicFunctionality.BasicAndCriticalFeautureTest -->
